1 10 20
100 200 125
201 210 89
900 1000 174
1000 2501 209
3500 5106 238
6000 7711 262
8500 10316 260
11000 12921 263
13500 15526 271
16000 18131 279
18500 20736 274
21000 23341 269
23500 25946 282
26000 28551 308
28500 31156 272
31000 33761 285
33500 36366 324
36000 38971 306
38500 41576 306
41000 44181 288
43500 46786 314
46000 49391 314
48500 51996 309
51000 54601 340
53500 57206 322
56000 59811 322
58500 62416 335
61000 65021 330
63500 67626 299
66000 70231 312
68500 72836 325
71000 75441 325
73500 78046 351
76000 80651 351
78500 83256 338
81000 85861 320
83500 88466 333
86000 91071 333
88500 93676 333
91000 96281 333
93500 98886 328
96000 101491 341
98500 104096 341
101000 106701 354
103500 109306 354
106000 111911 354
108500 114516 323
111000 117121 349
113500 119726 349
116000 122331 336
118500 124936 336
121000 127541 336
123500 130146 344
126000 132751 344
128500 135356 344
131000 137961 344
133500 140566 344
136000 143171 375
138500 145776 375
141000 148381 375
143500 150986 370
146000 153591 370
148500 156196 383
151000 158801 383
153500 161406 383
156000 164011 383
158500 166616 370
161000 169221 352
163500 171826 352
166000 174431 352
168500 177036 347
171000 179641 347
173500 182246 365
176000 184851 365
178500 187456 365
181000 190061 360
183500 192666 360
186000 195271 360
188500 197876 360
191000 200481 360
193500 203086 360
196000 205691 355
198500 208296 373
201000 210901 373
203500 213506 373
206000 216111 373
208500 218716 386
211000 221321 386
213500 223926 386
216000 226531 386
218500 229136 368
221000 231741 443
223500 234346 443
226000 236951 443
228500 239556 443
231000 242161 381
233500 244766 381
236000 247371 368
238500 249976 368
241000 252581 350
243500 255186 363
246000 257791 363
248500 260396 363
251000 263001 363
253500 265606 407
256000 268211 407
258500 270816 407
261000 273421 407
263500 276026 407
266000 278631 407
268500 281236 407
271000 283841 389
273500 286446 389
276000 289051 389
278500 291656 389
281000 294261 389
283500 296866 389
286000 299471 389
288500 302076 389
291000 304681 371
293500 307286 371
296000 309891 371
298500 312496 384
301000 315101 384
303500 317706 384
306000 320311 384
308500 322916 384
311000 325521 384
313500 328126 384
316000 330731 384
318500 333336 384
321000 335941 384
323500 338546 384
326000 341151 366
328500 343756 366
331000 346361 441
333500 348966 441
336000 351571 441
338500 354176 441
341000 356781 441
343500 359386 441
346000 361991 410
348500 364596 410
351000 367201 410
353500 369806 410
356000 372411 410
358500 375016 410
361000 377621 423
363500 380226 423
366000 382831 423
368500 385436 423
371000 388041 423
373500 390646 436
376000 393251 436
378500 395856 436
381000 398461 436
383500 401066 436
386000 403671 436
388500 406276 436
391000 408881 405
393500 411486 449
396000 414091 449
398500 416696 449
401000 419301 449
403500 421906 449
406000 424511 449
408500 427116 449
411000 429721 418
413500 432326 418
416000 434931 418
418500 437536 418
421000 440141 418
423500 442746 418
426000 445351 400
428500 447956 400
431000 450561 400
433500 453166 400
436000 455771 400
438500 458376 400
441000 460981 387
443500 463586 444
446000 466191 444
448500 468796 444
451000 471401 444
453500 474006 444
456000 476611 444
458500 479216 444
461000 481821 444
463500 484426 413
466000 487031 413
468500 489636 413
471000 492241 413
473500 494846 426
476000 497451 426
478500 500056 426
481000 502661 426
483500 505266 426
486000 507871 426
488500 510476 426
491000 513081 470
493500 515686 470
496000 518291 470
498500 520896 470
501000 523501 470
503500 526106 470
506000 528711 470
508500 531316 470
511000 533921 470
513500 536526 439
516000 539131 439
518500 541736 439
521000 544341 408
523500 546946 452
526000 549551 452
528500 552156 452
531000 554761 452
533500 557366 452
536000 559971 452
538500 562576 452
541000 565181 452
543500 567786 452
546000 570391 452
548500 572996 421
551000 575601 421
553500 578206 421
556000 580811 421
558500 583416 421
561000 586021 434
563500 588626 434
566000 591231 434
568500 593836 434
571000 596441 434
573500 599046 434
576000 601651 434
578500 604256 434
581000 606861 434
583500 609466 434
586000 612071 403
588500 614676 403
591000 617281 447
593500 619886 447
596000 622491 447
598500 625096 447
601000 627701 509
603500 630306 509
606000 632911 509
608500 635516 509
611000 638121 509
613500 640726 509
616000 643331 509
618500 645936 509
621000 648541 509
623500 651146 509
626000 653751 509
628500 656356 416
631000 658961 429
633500 661566 429
636000 664171 429
638500 666776 442
641000 669381 442
643500 671986 442
646000 674591 442
648500 677196 442
651000 679801 442
653500 682406 442
656000 685011 442
658500 687616 442
661000 690221 442
663500 692826 442
666000 695431 442
668500 698036 442
671000 700641 442
673500 703246 442
676000 705851 504
678500 708456 504
681000 711061 504
683500 713666 504
686000 716271 504
688500 718876 504
691000 721481 504
693500 724086 504
696000 726691 504
698500 729296 504
701000 731901 504
703500 734506 504
706000 737111 424
708500 739716 424
711000 742321 424
713500 744926 424
716000 747531 424
718500 750136 424
721000 752741 424
723500 755346 424
726000 757951 424
728500 760556 424
731000 763161 424
733500 765766 424
736000 768371 468
738500 770976 468
741000 773581 468
743500 776186 468
746000 778791 468
748500 781396 468
751000 784001 468
753500 786606 468
756000 789211 468
758500 791816 468
761000 794421 468
763500 797026 468
766000 799631 468
768500 802236 468
771000 804841 468
773500 807446 468
776000 810051 468
778500 812656 468
781000 815261 468
783500 817866 468
786000 820471 468
788500 823076 468
791000 825681 468
793500 828286 468
796000 830891 468
798500 833496 450
801000 836101 450
803500 838706 525
806000 841311 525
808500 843916 525
811000 846521 525
813500 849126 525
816000 851731 525
818500 854336 525
821000 856941 525
823500 859546 525
826000 862151 525
828500 864756 525
831000 867361 525
833500 869966 525
836000 872571 525
838500 875176 432
841000 877781 432
843500 880386 432
846000 882991 432
848500 885596 432
851000 888201 445
853500 890806 445
856000 893411 445
858500 896016 445
861000 898621 445
863500 901226 445
866000 903831 445
868500 906436 445
871000 909041 445
873500 911646 476
876000 914251 476
878500 916856 476
881000 919461 476
883500 922066 476
886000 924671 476
888500 927276 476
891000 929881 476
893500 932486 476
896000 935091 476
898500 937696 476
901000 940301 507
903500 942906 507
906000 945511 507
908500 948116 507
911000 950721 507
913500 953326 507
916000 955931 507
918500 958536 507
921000 961141 507
923500 963746 507
926000 966351 507
928500 968956 507
931000 971561 507
933500 974166 507
936000 976771 507
938500 979376 507
941000 981981 458
943500 984586 458
946000 987191 458
948500 989796 458
951000 992401 458
953500 995006 458
956000 997611 458